<!--
  ~ This file Copyright (c) 2016. Walle.
  ~ (http://www.wallellen.com). All rights reserved.
  ~
  ~
  ~ This file is dual-licensed under both the
  ~ Walle Agreement (WA) and the GNU General Public License.
  ~ You may elect to use one or the other of these licenses.
  ~
  ~ This file is distributed in the hope that it will be
  ~ useful, but AS-IS and WITHOUT ANY WARRANTY; without even the
  ~ implied warranty of MERCHANTABILITY or FITNESS FOR A
  ~ PARTICULAR PURPOSE, TITLE, or NONINFRINGEMENT.
  ~ Redistribution, except as permitted by whichever of the GPL
  ~ or WA you select, is prohibited.
  ~
  ~ 1. For the GPL license (GPL), you can redistribute and/or
  ~ modify this file under the terms of the GNU General
  ~ Public License, Version 3, as published by the Free Software
  ~ Foundation.  You should have received a copy of the GNU
  ~ General Public License, Version 3 along with this program;
  ~ if not, write to the Free Software Foundation, Inc., 51
  ~ Franklin St, Fifth Floor, Boston, MA 02110-1301 USA.
  ~
  ~ 2. For the Walle Agreement (WA), this file
  ~ and the accompanying materials are made available under the
  ~ terms of the WA which accompanies this distribution, and
  ~ is available at http://www.wallellen.com/agreement.html
  ~
  ~
  ~ DO NOT ALTER OR REMOVE COPYRIGHT NOTICES OR THIS FILE HEADER
  -->

<xml>
    <corpId>企业号corpid</corpId>
    <corpSecret>企业号corpsecret</corpSecret>
    <agentId>企业号应用id</agentId>
    <token>企业号应用Token</token>
    <aesKey>企业号应用EncodingAESKey</aesKey>
    <accessToken>可以不填写</accessToken>
    <expiresTime>可以不填写</expiresTime>
    <userId>企业号通讯录里的某个userid</userId>
    <departmentId>企业号通讯录的某个部门id</departmentId>
    <tagId>企业号通讯录里的某个tagid</tagId>
    <oauth2redirectUri>网页授权获取用户信息回调地址</oauth2redirectUri>
</xml>
